29-Dec-2016 17:51 [DEBUG]: Initializing servlet 'spring-ws'
29-Dec-2016 17:51 [DEBUG]: Adding [servletConfigInitParams] PropertySource with lowest search precedence
29-Dec-2016 17:51 [DEBUG]: Adding [servletContextInitParams] PropertySource with lowest search precedence
29-Dec-2016 17:51 [DEBUG]: Adding [jndiProperties] PropertySource with lowest search precedence
29-Dec-2016 17:51 [DEBUG]: Adding [systemProperties] PropertySource with lowest search precedence
29-Dec-2016 17:51 [DEBUG]: Adding [systemEnvironment] PropertySource with lowest search precedence
29-Dec-2016 17:51 [DEBUG]: Initialized StandardServletEnvironment with PropertySources [servletConfigInitParams,servletContextInitParams,jndiProperties,systemProperties,systemEnvironment]
29-Dec-2016 17:51 [TRACE]: Loaded [org.springframework.beans.BeanInfoFactory] names: [org.springframework.beans.ExtendedBeanInfoFactory]
29-Dec-2016 17:51 [TRACE]: Getting BeanInfo for class [org.springframework.ws.transport.http.MessageDispatcherServlet]
29-Dec-2016 17:51 [TRACE]: Caching PropertyDescriptors for class [org.springframework.ws.transport.http.MessageDispatcherServlet]
29-Dec-2016 17:51 [TRACE]: Found bean property 'applicationContext' of type [org.springframework.context.ApplicationContext]
29-Dec-2016 17:51 [TRACE]: Found bean property 'class' of type [java.lang.Class]
29-Dec-2016 17:51 [TRACE]: Found bean property 'contextAttribute' of type [java.lang.String]
29-Dec-2016 17:51 [TRACE]: Found bean property 'contextClass' of type [java.lang.Class]
29-Dec-2016 17:51 [TRACE]: Found bean property 'contextConfigLocation' of type [java.lang.String]
29-Dec-2016 17:51 [TRACE]: Found bean property 'contextId' of type [java.lang.String]
29-Dec-2016 17:51 [TRACE]: Found bean property 'contextInitializerClasses' of type [java.lang.String]
29-Dec-2016 17:51 [TRACE]: Found bean property 'contextInitializers' of type [[Lorg.springframework.context.ApplicationContextInitializer;]
29-Dec-2016 17:51 [TRACE]: Found bean property 'dispatchOptionsRequest' of type [boolean]
29-Dec-2016 17:51 [TRACE]: Found bean property 'dispatchTraceRequest' of type [boolean]
29-Dec-2016 17:51 [TRACE]: Found bean property 'environment' of type [org.springframework.core.env.Environment]
29-Dec-2016 17:51 [TRACE]: Found bean property 'initParameterNames' of type [java.util.Enumeration]
29-Dec-2016 17:51 [TRACE]: Found bean property 'messageFactoryBeanName' of type [java.lang.String]
29-Dec-2016 17:51 [TRACE]: Found bean property 'messageReceiverBeanName' of type [java.lang.String]
29-Dec-2016 17:51 [TRACE]: Found bean property 'messageReceiverHandlerAdapterBeanName' of type [java.lang.String]
29-Dec-2016 17:51 [TRACE]: Found bean property 'namespace' of type [java.lang.String]
29-Dec-2016 17:51 [TRACE]: Found bean property 'publishContext' of type [boolean]
29-Dec-2016 17:51 [TRACE]: Found bean property 'publishEvents' of type [boolean]
29-Dec-2016 17:51 [TRACE]: Found bean property 'servletConfig' of type [javax.servlet.ServletConfig]
29-Dec-2016 17:51 [TRACE]: Found bean property 'servletContext' of type [javax.servlet.ServletContext]
29-Dec-2016 17:51 [TRACE]: Found bean property 'servletContextAttributeName' of type [java.lang.String]
29-Dec-2016 17:51 [TRACE]: Found bean property 'servletInfo' of type [java.lang.String]
29-Dec-2016 17:51 [TRACE]: Found bean property 'servletName' of type [java.lang.String]
29-Dec-2016 17:51 [TRACE]: Found bean property 'threadContextInheritable' of type [boolean]
29-Dec-2016 17:51 [TRACE]: Found bean property 'transformSchemaLocations' of type [boolean]
29-Dec-2016 17:51 [TRACE]: Found bean property 'transformWsdlLocations' of type [boolean]
29-Dec-2016 17:51 [TRACE]: Found bean property 'webApplicationContext' of type [org.springframework.web.context.WebApplicationContext]
29-Dec-2016 17:51 [TRACE]: Found bean property 'wsdlDefinitionHandlerAdapterBeanName' of type [java.lang.String]
29-Dec-2016 17:51 [TRACE]: Found bean property 'xsdSchemaHandlerAdapterBeanName' of type [java.lang.String]
29-Dec-2016 17:51 [TRACE]: Converting String to [boolean] using property editor [org.springframework.beans.propertyeditors.CustomBooleanEditor@7bb613c0]
29-Dec-2016 17:51 [INFO ]: FrameworkServlet 'spring-ws': initialization started
29-Dec-2016 17:51 [DEBUG]: Servlet with name 'spring-ws' will try to create custom WebApplicationContext context of class 'org.springframework.web.context.support.XmlWebApplicationContext', using parent context [null]
29-Dec-2016 17:51 [DEBUG]: Replacing [servletContextInitParams] PropertySource with [servletContextInitParams]
29-Dec-2016 17:51 [DEBUG]: Replacing [servletConfigInitParams] PropertySource with [servletConfigInitParams]
29-Dec-2016 17:51 [INFO ]: Refreshing WebApplicationContext for namespace 'spring-ws-servlet': startup date [Thu Dec 29 17:51:57 EET 2016]; root of context hierarchy
29-Dec-2016 17:51 [DEBUG]: Adding [systemProperties] PropertySource with lowest search precedence
29-Dec-2016 17:51 [DEBUG]: Adding [systemEnvironment] PropertySource with lowest search precedence
29-Dec-2016 17:51 [DEBUG]: Initialized StandardEnvironment with PropertySources [systemProperties,systemEnvironment]
29-Dec-2016 17:51 [INFO ]: Loading XML bean definitions from class path resource [SpringConfig/SpringWSConfiguration.xml]
29-Dec-2016 17:51 [DEBUG]: Using JAXP provider [weblogic.xml.jaxp.RegistryDocumentBuilderFactory]
29-Dec-2016 17:51 [TRACE]: Trying to resolve XML entity with public id [null] and system id [http://www.springframework.org/schema/beans/spring-beans-3.0.xsd]
29-Dec-2016 17:51 [DEBUG]: Loading schema mappings from [META-INF/spring.schemas]
29-Dec-2016 17:51 [DEBUG]: Loaded schema mappings: {http://www.springframework.org/schema/tx/spring-tx-2.5.xsd=org/springframework/transaction/config/spring-tx-2.5.xsd, http://www.springframework.org/schema/context/spring-context-3.1.xsd=org/springframework/context/config/spring-context-3.1.xsd, http://www.springframework.org/schema/util/spring-util-3.0.xsd=org/springframework/beans/factory/xml/spring-util-3.0.xsd, http://www.springframework.org/schema/tool/spring-tool.xsd=org/springframework/beans/factory/xml/spring-tool-4.0.xsd, http://www.springframework.org/schema/aop/spring-aop-3.2.xsd=org/springframework/aop/config/spring-aop-3.2.xsd, http://www.springframework.org/schema/context/spring-context-4.0.xsd=org/springframework/context/config/spring-context-4.0.xsd, http://www.springframework.org/schema/mvc/spring-mvc-3.2.xsd=org/springframework/web/servlet/config/spring-mvc-3.2.xsd, http://www.springframework.org/schema/oxm/spring-oxm-3.0.xsd=org/springframework/oxm/config/spring-oxm-3.0.xsd, http://www.springframework.org/schema/lang/spring-lang-3.2.xsd=org/springframework/scripting/config/spring-lang-3.2.xsd, http://www.springframework.org/schema/cache/spring-cache-3.2.xsd=org/springframework/cache/config/spring-cache-3.2.xsd, http://www.springframework.org/schema/jdbc/spring-jdbc-3.1.xsd=org/springframework/jdbc/config/spring-jdbc-3.1.xsd, http://www.springframework.org/schema/util/spring-util-2.0.xsd=org/springframework/beans/factory/xml/spring-util-2.0.xsd, http://www.springframework.org/schema/tool/spring-tool-3.2.xsd=org/springframework/beans/factory/xml/spring-tool-3.2.xsd, http://www.springframework.org/schema/context/spring-context.xsd=org/springframework/context/config/spring-context-4.0.xsd, http://www.springframework.org/schema/aop/spring-aop-4.0.xsd=org/springframework/aop/config/spring-aop-4.0.xsd, http://www.springframework.org/schema/jee/spring-jee-3.2.xsd=org/springframework/ejb/config/spring-jee-3.2.xsd, http://www.springframework.org/schema/context/spring-context-3.0.xsd=org/springframework/context/config/spring-context-3.0.xsd, http://www.springframework.org/schema/jdbc/spring-jdbc-4.0.xsd=org/springframework/jdbc/config/spring-jdbc-4.0.xsd, http://www.springframework.org/schema/mvc/spring-mvc-4.0.xsd=org/springframework/web/servlet/config/spring-mvc-4.0.xsd, http://www.springframework.org/schema/util/spring-util-2.5.xsd=org/springframework/beans/factory/xml/spring-util-2.5.xsd, http://www.springframework.org/schema/beans/spring-beans-3.2.xsd=org/springframework/beans/factory/xml/spring-beans-3.2.xsd, http://www.springframework.org/schema/aop/spring-aop-3.1.xsd=org/springframework/aop/config/spring-aop-3.1.xsd, http://www.springframework.org/schema/lang/spring-lang-4.0.xsd=org/springframework/scripting/config/spring-lang-4.0.xsd, http://www.springframework.org/schema/mvc/spring-mvc.xsd=org/springframework/web/servlet/config/spring-mvc-4.0.xsd, http://www.springframework.org/schema/mvc/spring-mvc-3.1.xsd=org/springframework/web/servlet/config/spring-mvc-3.1.xsd, http://www.springframework.org/schema/tool/spring-tool-4.0.xsd=org/springframework/beans/factory/xml/spring-tool-4.0.xsd, http://www.springframework.org/schema/tx/spring-tx-3.2.xsd=org/springframework/transaction/config/spring-tx-3.2.xsd, http://www.springframework.org/schema/lang/spring-lang-3.1.xsd=org/springframework/scripting/config/spring-lang-3.1.xsd, http://www.springframework.org/schema/cache/spring-cache-3.1.xsd=org/springframework/cache/config/spring-cache-3.1.xsd, http://www.springframework.org/schema/jee/spring-jee-4.0.xsd=org/springframework/ejb/config/spring-jee-4.0.xsd, http://www.springframework.org/schema/jdbc/spring-jdbc-3.0.xsd=org/springframework/jdbc/config/spring-jdbc-3.0.xsd, http://www.springframework.org/schema/jdbc/spring-jdbc.xsd=org/springframework/jdbc/config/spring-jdbc-4.0.xsd, http://www.springframework.org/schema/tool/spring-tool-3.1.xsd=org/springframework/beans/factory/xml/spring-tool-3.1.xsd, http://www.springframework.org/schema/cache/spring-cache-4.0.xsd=org/springframework/cache/config/spring-cache-4.0.xsd, http://www.springframework.org/schema/jee/spring-jee-3.1.xsd=org/springframework/ejb/config/spring-jee-3.1.xsd, http://www.springframework.org/schema/task/spring-task-3.2.xsd=org/springframework/scheduling/config/spring-task-3.2.xsd, http://www.springframework.org/schema/beans/spring-beans-3.1.xsd=org/springframework/beans/factory/xml/spring-beans-3.1.xsd, http://www.springframework.org/schema/util/spring-util.xsd=org/springframework/beans/factory/xml/spring-util-4.0.xsd, http://www.springframework.org/schema/aop/spring-aop-3.0.xsd=org/springframework/aop/config/spring-aop-3.0.xsd, http://www.springframework.org/schema/mvc/spring-mvc-3.0.xsd=org/springframework/web/servlet/config/spring-mvc-3.0.xsd, http://www.springframework.org/schema/beans/spring-beans-4.0.xsd=org/springframework/beans/factory/xml/spring-beans-4.0.xsd, http://www.springframework.org/schema/beans/spring-beans.xsd=org/springframework/beans/factory/xml/spring-beans-4.0.xsd, http://www.springframework.org/schema/web-services/web-services.xsd=/org/springframework/ws/config/web-services-2.0.xsd, http://www.springframework.org/schema/lang/spring-lang-3.0.xsd=org/springframework/scripting/config/spring-lang-3.0.xsd, http://www.springframework.org/schema/tx/spring-tx-3.1.xsd=org/springframework/transaction/config/spring-tx-3.1.xsd, http://www.springframework.org/schema/context/spring-context-2.5.xsd=org/springframework/context/config/spring-context-2.5.xsd, http://www.springframework.org/schema/task/spring-task-4.0.xsd=org/springframework/scheduling/config/spring-task-4.0.xsd, http://www.springframework.org/schema/tool/spring-tool-3.0.xsd=org/springframework/beans/factory/xml/spring-tool-3.0.xsd, http://www.springframework.org/schema/tx/spring-tx-4.0.xsd=org/springframework/transaction/config/spring-tx-4.0.xsd, http://www.springframework.org/schema/aop/spring-aop-2.0.xsd=org/springframework/aop/config/spring-aop-2.0.xsd, http://www.springframework.org/schema/jee/spring-jee-3.0.xsd=org/springframework/ejb/config/spring-jee-3.0.xsd, http://www.springframework.org/schema/task/spring-task-3.1.xsd=org/springframework/scheduling/config/spring-task-3.1.xsd, http://www.springframework.org/schema/beans/spring-beans-3.0.xsd=org/springframework/beans/factory/xml/spring-beans-3.0.xsd, http://www.springframework.org/schema/jee/spring-jee.xsd=org/springframework/ejb/config/spring-jee-4.0.xsd, http://www.springframework.org/schema/aop/spring-aop-2.5.xsd=org/springframework/aop/config/spring-aop-2.5.xsd, http://www.springframework.org/schema/lang/spring-lang-2.0.xsd=org/springframework/scripting/config/spring-lang-2.0.xsd, http://www.springframework.org/schema/oxm/spring-oxm.xsd=org/springframework/oxm/config/spring-oxm-4.0.xsd, http://www.springframework.org/schema/util/spring-util-3.2.xsd=org/springframework/beans/factory/xml/spring-util-3.2.xsd, http://www.springframework.org/schema/task/spring-task.xsd=org/springframework/scheduling/config/spring-task-4.0.xsd, http://www.springframework.org/schema/tool/spring-tool-2.0.xsd=org/springframework/beans/factory/xml/spring-tool-2.0.xsd, http://www.springframework.org/schema/tx/spring-tx-3.0.xsd=org/springframework/transaction/config/spring-tx-3.0.xsd, http://www.springframework.org/schema/lang/spring-lang-2.5.xsd=org/springframework/scripting/config/spring-lang-2.5.xsd, http://www.springframework.org/schema/jee/spring-jee-2.0.xsd=org/springframework/ejb/config/spring-jee-2.0.xsd, http://www.springframework.org/schema/oxm/spring-oxm-3.2.xsd=org/springframework/oxm/config/spring-oxm-3.2.xsd, http://www.springframework.org/schema/tool/spring-tool-2.5.xsd=org/springframework/beans/factory/xml/spring-tool-2.5.xsd, http://www.springframework.org/schema/jee/spring-jee-2.5.xsd=org/springframework/ejb/config/spring-jee-2.5.xsd, http://www.springframework.org/schema/web-services/web-services-2.0.xsd=/org/springframework/ws/config/web-services-2.0.xsd, http://www.springframework.org/schema/util/spring-util-4.0.xsd=org/springframework/beans/factory/xml/spring-util-4.0.xsd, http://www.springframework.org/schema/task/spring-task-3.0.xsd=org/springframework/scheduling/config/spring-task-3.0.xsd, http://www.springframework.org/schema/lang/spring-lang.xsd=org/springframework/scripting/config/spring-lang-4.0.xsd, http://www.springframework.org/schema/context/spring-context-3.2.xsd=org/springframework/context/config/spring-context-3.2.xsd, http://www.springframework.org/schema/util/spring-util-3.1.xsd=org/springframework/beans/factory/xml/spring-util-3.1.xsd, http://www.springframework.org/schema/beans/spring-beans-2.0.xsd=org/springframework/beans/factory/xml/spring-beans-2.0.xsd, http://www.springframework.org/schema/oxm/spring-oxm-4.0.xsd=org/springframework/oxm/config/spring-oxm-4.0.xsd, http://www.springframework.org/schema/cache/spring-cache.xsd=org/springframework/cache/config/spring-cache-4.0.xsd, http://www.springframework.org/schema/tx/spring-tx.xsd=org/springframework/transaction/config/spring-tx-4.0.xsd, http://www.springframework.org/schema/beans/spring-beans-2.5.xsd=org/springframework/beans/factory/xml/spring-beans-2.5.xsd, http://www.springframework.org/schema/oxm/spring-oxm-3.1.xsd=org/springframework/oxm/config/spring-oxm-3.1.xsd, http://www.springframework.org/schema/tx/spring-tx-2.0.xsd=org/springframework/transaction/config/spring-tx-2.0.xsd, http://www.springframework.org/schema/web-services/web-services-1.5.xsd=/org/springframework/ws/config/web-services-1.5.xsd, http://www.springframework.org/schema/jdbc/spring-jdbc-3.2.xsd=org/springframework/jdbc/config/spring-jdbc-3.2.xsd, http://www.springframework.org/schema/aop/spring-aop.xsd=org/springframework/aop/config/spring-aop-4.0.xsd}
29-Dec-2016 17:51 [DEBUG]: Found XML schema [http://www.springframework.org/schema/beans/spring-beans-3.0.xsd] in classpath: org/springframework/beans/factory/xml/spring-beans-3.0.xsd
29-Dec-2016 17:51 [TRACE]: Trying to resolve XML entity with public id [null] and system id [http://www.springframework.org/schema/context/spring-context-3.0.xsd]
29-Dec-2016 17:51 [DEBUG]: Found XML schema [http://www.springframework.org/schema/context/spring-context-3.0.xsd] in classpath: org/springframework/context/config/spring-context-3.0.xsd
29-Dec-2016 17:51 [TRACE]: Trying to resolve XML entity with public id [null] and system id [http://www.springframework.org/schema/tool/spring-tool-3.0.xsd]
29-Dec-2016 17:51 [DEBUG]: Found XML schema [http://www.springframework.org/schema/tool/spring-tool-3.0.xsd] in classpath: org/springframework/beans/factory/xml/spring-tool-3.0.xsd
29-Dec-2016 17:51 [TRACE]: Trying to resolve XML entity with public id [null] and system id [http://www.springframework.org/schema/web-services/web-services-2.0.xsd]
29-Dec-2016 17:51 [DEBUG]: Found XML schema [http://www.springframework.org/schema/web-services/web-services-2.0.xsd] in classpath: /org/springframework/ws/config/web-services-2.0.xsd
29-Dec-2016 17:51 [DEBUG]: Loading bean definitions
29-Dec-2016 17:51 [INFO ]: Loading XML bean definitions from class path resource [SpringConfig/DataSourceConfiguration.xml]
29-Dec-2016 17:51 [DEBUG]: Using JAXP provider [weblogic.xml.jaxp.RegistryDocumentBuilderFactory]
29-Dec-2016 17:51 [TRACE]: Trying to resolve XML entity with public id [null] and system id [http://www.springframework.org/schema/beans/spring-beans-2.5.xsd]
29-Dec-2016 17:51 [DEBUG]: Found XML schema [http://www.springframework.org/schema/beans/spring-beans-2.5.xsd] in classpath: org/springframework/beans/factory/xml/spring-beans-2.5.xsd
29-Dec-2016 17:51 [DEBUG]: Loading bean definitions
29-Dec-2016 17:51 [DEBUG]: Neither XML 'id' nor 'name' specified - using generated bean name [org.springframework.beans.factory.config.PropertyPlaceholderConfigurer#0]
29-Dec-2016 17:51 [DEBUG]: Imported 2 bean definitions from relative location [DataSourceConfiguration.xml]
29-Dec-2016 17:51 [INFO ]: Loading XML bean definitions from class path resource [SpringConfig/HibernateSessionFactoryConfiguration.xml]
29-Dec-2016 17:51 [DEBUG]: Using JAXP provider [weblogic.xml.jaxp.RegistryDocumentBuilderFactory]
29-Dec-2016 17:51 [TRACE]: Trying to resolve XML entity with public id [null] and system id [http://www.springframework.org/schema/beans/spring-beans-2.5.xsd]
29-Dec-2016 17:51 [DEBUG]: Found XML schema [http://www.springframework.org/schema/beans/spring-beans-2.5.xsd] in classpath: org/springframework/beans/factory/xml/spring-beans-2.5.xsd
29-Dec-2016 17:51 [DEBUG]: Loading bean definitions
29-Dec-2016 17:51 [DEBUG]: Imported 2 bean definitions from relative location [HibernateSessionFactoryConfiguration.xml]
29-Dec-2016 17:51 [INFO ]: Loading XML bean definitions from class path resource [SpringConfig/TransactionConfiguration.xml]
29-Dec-2016 17:51 [DEBUG]: Using JAXP provider [weblogic.xml.jaxp.RegistryDocumentBuilderFactory]
29-Dec-2016 17:51 [TRACE]: Trying to resolve XML entity with public id [null] and system id [http://www.springframework.org/schema/beans/spring-beans-2.5.xsd]
29-Dec-2016 17:51 [DEBUG]: Found XML schema [http://www.springframework.org/schema/beans/spring-beans-2.5.xsd] in classpath: org/springframework/beans/factory/xml/spring-beans-2.5.xsd
29-Dec-2016 17:51 [TRACE]: Trying to resolve XML entity with public id [null] and system id [http://www.springframework.org/schema/tx/spring-tx.xsd]
29-Dec-2016 17:51 [DEBUG]: Found XML schema [http://www.springframework.org/schema/tx/spring-tx.xsd] in classpath: org/springframework/transaction/config/spring-tx-4.0.xsd
29-Dec-2016 17:51 [TRACE]: Trying to resolve XML entity with public id [null] and system id [http://www.springframework.org/schema/tool/spring-tool-4.0.xsd]
29-Dec-2016 17:51 [DEBUG]: Found XML schema [http://www.springframework.org/schema/tool/spring-tool-4.0.xsd] in classpath: org/springframework/beans/factory/xml/spring-tool-4.0.xsd
29-Dec-2016 17:51 [TRACE]: Trying to resolve XML entity with public id [null] and system id [http://www.springframework.org/schema/aop/spring-aop.xsd]
29-Dec-2016 17:51 [DEBUG]: Found XML schema [http://www.springframework.org/schema/aop/spring-aop.xsd] in classpath: org/springframework/aop/config/spring-aop-4.0.xsd
29-Dec-2016 17:51 [DEBUG]: Loading bean definitions
29-Dec-2016 17:51 [DEBUG]: Loaded NamespaceHandler mappings: {http://www.springframework.org/schema/p=org.springframework.beans.factory.xml.SimplePropertyNamespaceHandler, http://www.springframework.org/schema/web-services=org.springframework.ws.config.WebServicesNamespaceHandler, http://www.springframework.org/schema/mvc=org.springframework.web.servlet.config.MvcNamespaceHandler, http://www.springframework.org/schema/util=org.springframework.beans.factory.xml.UtilNamespaceHandler, http://www.springframework.org/schema/jee=org.springframework.ejb.config.JeeNamespaceHandler, http://www.springframework.org/schema/aop=org.springframework.aop.config.AopNamespaceHandler, http://www.springframework.org/schema/oxm=org.springframework.oxm.config.OxmNamespaceHandler, http://www.springframework.org/schema/jdbc=org.springframework.jdbc.config.JdbcNamespaceHandler, http://www.springframework.org/schema/cache=org.springframework.cache.config.CacheNamespaceHandler, http://www.springframework.org/schema/c=org.springframework.beans.factory.xml.SimpleConstructorNamespaceHandler, http://www.springframework.org/schema/tx=org.springframework.transaction.config.TxNamespaceHandler, http://www.springframework.org/schema/task=org.springframework.scheduling.config.TaskNamespaceHandler, http://www.springframework.org/schema/lang=org.springframework.scripting.config.LangNamespaceHandler, http://www.springframework.org/schema/context=org.springframework.context.config.ContextNamespaceHandler}
29-Dec-2016 17:51 [DEBUG]: Imported 5 bean definitions from relative location [TransactionConfiguration.xml]
29-Dec-2016 17:51 [INFO ]: Loading XML bean definitions from URL [zip:C:/Oracle/Middleware/user_projects/domains/My_First_Domain/servers/AdminServer/tmp/_WL_user/_appsdir_basecourse_war/1v3pty/war/WEB-INF/lib/_wl_cls_gen.jar!/SpringConfig/DomainExceptionsBeans.xml]
29-Dec-2016 17:51 [ERROR]: Context initialization failed
org.springframework.beans.factory.parsing.BeanDefinitionParsingException: Configuration problem: Failed to import bean definitions from relative location [DomainExceptionsBeans.xml]
Offending resource: class path resource [SpringConfig/SpringWSConfiguration.xml]; nested exception is org.springframework.beans.factory.BeanDefinitionStoreException: IOException parsing XML document from URL [zip:C:/Oracle/Middleware/user_projects/domains/My_First_Domain/servers/AdminServer/tmp/_WL_user/_appsdir_basecourse_war/1v3pty/war/WEB-INF/lib/_wl_cls_gen.jar!/SpringConfig/DomainExceptionsBeans.xml]; nested exception is java.io.FileNotFoundException: zip:C:/Oracle/Middleware/user_projects/domains/My_First_Domain/servers/AdminServer/tmp/_WL_user/_appsdir_basecourse_war/1v3pty/war/WEB-INF/lib/_wl_cls_gen.jar!/SpringConfig/DomainExceptionsBeans.xml
	at org.springframework.beans.factory.parsing.FailFastProblemReporter.error(FailFastProblemReporter.java:70)
	at org.springframework.beans.factory.parsing.ReaderContext.error(ReaderContext.java:85)
	at org.springframework.beans.factory.parsing.ReaderContext.error(ReaderContext.java:76)
	at org.springframework.beans.factory.xml.DefaultBeanDefinitionDocumentReader.importBeanDefinitionResource(DefaultBeanDefinitionDocumentReader.java:266)
	at org.springframework.beans.factory.xml.DefaultBeanDefinitionDocumentReader.parseDefaultElement(DefaultBeanDefinitionDocumentReader.java:191)
	at org.springframework.beans.factory.xml.DefaultBeanDefinitionDocumentReader.parseBeanDefinitions(DefaultBeanDefinitionDocumentReader.java:176)
	at org.springframework.beans.factory.xml.DefaultBeanDefinitionDocumentReader.doRegisterBeanDefinitions(DefaultBeanDefinitionDocumentReader.java:149)
	at org.springframework.beans.factory.xml.DefaultBeanDefinitionDocumentReader.registerBeanDefinitions(DefaultBeanDefinitionDocumentReader.java:103)
	at org.springframework.beans.factory.xml.XmlBeanDefinitionReader.registerBeanDefinitions(XmlBeanDefinitionReader.java:510)
	at org.springframework.beans.factory.xml.XmlBeanDefinitionReader.doLoadBeanDefinitions(XmlBeanDefinitionReader.java:392)
	at org.springframework.beans.factory.xml.XmlBeanDefinitionReader.loadBeanDefinitions(XmlBeanDefinitionReader.java:336)
	at org.springframework.beans.factory.xml.XmlBeanDefinitionReader.loadBeanDefinitions(XmlBeanDefinitionReader.java:304)
	at org.springframework.beans.factory.support.AbstractBeanDefinitionReader.loadBeanDefinitions(AbstractBeanDefinitionReader.java:180)
	at org.springframework.beans.factory.support.AbstractBeanDefinitionReader.loadBeanDefinitions(AbstractBeanDefinitionReader.java:216)
	at org.springframework.beans.factory.support.AbstractBeanDefinitionReader.loadBeanDefinitions(AbstractBeanDefinitionReader.java:187)
	at org.springframework.web.context.support.XmlWebApplicationContext.loadBeanDefinitions(XmlWebApplicationContext.java:125)
	at org.springframework.web.context.support.XmlWebApplicationContext.loadBeanDefinitions(XmlWebApplicationContext.java:94)
	at org.springframework.context.support.AbstractRefreshableApplicationContext.refreshBeanFactory(AbstractRefreshableApplicationContext.java:129)
	at org.springframework.context.support.AbstractApplicationContext.obtainFreshBeanFactory(AbstractApplicationContext.java:542)
	at org.springframework.context.support.AbstractApplicationContext.refresh(AbstractApplicationContext.java:454)
	at org.springframework.web.servlet.FrameworkServlet.configureAndRefreshWebApplicationContext(FrameworkServlet.java:658)
	at org.springframework.web.servlet.FrameworkServlet.createWebApplicationContext(FrameworkServlet.java:624)
	at org.springframework.web.servlet.FrameworkServlet.createWebApplicationContext(FrameworkServlet.java:672)
	at org.springframework.web.servlet.FrameworkServlet.initWebApplicationContext(FrameworkServlet.java:543)
	at org.springframework.web.servlet.FrameworkServlet.initServletBean(FrameworkServlet.java:484)
	at org.springframework.web.servlet.HttpServletBean.init(HttpServletBean.java:136)
	at javax.servlet.GenericServlet.init(GenericServlet.java:241)
	at weblogic.servlet.internal.StubSecurityHelper$ServletInitAction.run(StubSecurityHelper.java:283)
	at weblogic.security.acl.internal.AuthenticatedSubject.doAs(AuthenticatedSubject.java:321)
	at weblogic.security.service.SecurityManager.runAs(SecurityManager.java:120)
	at weblogic.servlet.internal.StubSecurityHelper.createServlet(StubSecurityHelper.java:64)
	at weblogic.servlet.internal.StubLifecycleHelper.createOneInstance(StubLifecycleHelper.java:58)
	at weblogic.servlet.internal.StubLifecycleHelper.<init>(StubLifecycleHelper.java:48)
	at weblogic.servlet.internal.ServletStubImpl.prepareServlet(ServletStubImpl.java:539)
	at weblogic.servlet.internal.ServletStubImpl.execute(ServletStubImpl.java:243)
	at weblogic.servlet.internal.ServletStubImpl.execute(ServletStubImpl.java:183)
	at weblogic.servlet.internal.WebAppServletContext$ServletInvocationAction.wrapRun(WebAppServletContext.java:3717)
	at weblogic.servlet.internal.WebAppServletContext$ServletInvocationAction.run(WebAppServletContext.java:3681)
	at weblogic.security.acl.internal.AuthenticatedSubject.doAs(AuthenticatedSubject.java:321)
	at weblogic.security.service.SecurityManager.runAs(SecurityManager.java:120)
	at weblogic.servlet.internal.WebAppServletContext.securedExecute(WebAppServletContext.java:2277)
	at weblogic.servlet.internal.WebAppServletContext.execute(WebAppServletContext.java:2183)
	at weblogic.servlet.internal.ServletRequestImpl.run(ServletRequestImpl.java:1454)
	at weblogic.work.ExecuteThread.execute(ExecuteThread.java:209)
	at weblogic.work.ExecuteThread.run(ExecuteThread.java:178)
Caused by: org.springframework.beans.factory.BeanDefinitionStoreException: IOException parsing XML document from URL [zip:C:/Oracle/Middleware/user_projects/domains/My_First_Domain/servers/AdminServer/tmp/_WL_user/_appsdir_basecourse_war/1v3pty/war/WEB-INF/lib/_wl_cls_gen.jar!/SpringConfig/DomainExceptionsBeans.xml]; nested exception is java.io.FileNotFoundException: zip:C:/Oracle/Middleware/user_projects/domains/My_First_Domain/servers/AdminServer/tmp/_WL_user/_appsdir_basecourse_war/1v3pty/war/WEB-INF/lib/_wl_cls_gen.jar!/SpringConfig/DomainExceptionsBeans.xml
	at org.springframework.beans.factory.xml.XmlBeanDefinitionReader.loadBeanDefinitions(XmlBeanDefinitionReader.java:344)
	at org.springframework.beans.factory.xml.XmlBeanDefinitionReader.loadBeanDefinitions(XmlBeanDefinitionReader.java:304)
	at org.springframework.beans.factory.support.AbstractBeanDefinitionReader.loadBeanDefinitions(AbstractBeanDefinitionReader.java:180)
	at org.springframework.beans.factory.support.AbstractBeanDefinitionReader.loadBeanDefinitions(AbstractBeanDefinitionReader.java:216)
	at org.springframework.beans.factory.xml.DefaultBeanDefinitionDocumentReader.importBeanDefinitionResource(DefaultBeanDefinitionDocumentReader.java:255)
	... 41 more
Caused by: java.io.FileNotFoundException: zip:C:/Oracle/Middleware/user_projects/domains/My_First_Domain/servers/AdminServer/tmp/_WL_user/_appsdir_basecourse_war/1v3pty/war/WEB-INF/lib/_wl_cls_gen.jar!/SpringConfig/DomainExceptionsBeans.xml
	at weblogic.utils.zip.ZipURLConnection.connect(Handler.java:91)
	at weblogic.utils.zip.ZipURLConnection.getInputStream(Handler.java:59)
	at org.springframework.core.io.UrlResource.getInputStream(UrlResource.java:168)
	at org.springframework.beans.factory.xml.XmlBeanDefinitionReader.loadBeanDefinitions(XmlBeanDefinitionReader.java:330)
	... 45 more
29-Dec-2016 17:51 [DEBUG]: Initializing servlet 'spring-ws'
29-Dec-2016 17:51 [DEBUG]: Adding [servletConfigInitParams] PropertySource with lowest search precedence
29-Dec-2016 17:51 [DEBUG]: Adding [servletContextInitParams] PropertySource with lowest search precedence
29-Dec-2016 17:51 [DEBUG]: Adding [jndiProperties] PropertySource with lowest search precedence
29-Dec-2016 17:51 [DEBUG]: Adding [systemProperties] PropertySource with lowest search precedence
29-Dec-2016 17:51 [DEBUG]: Adding [systemEnvironment] PropertySource with lowest search precedence
29-Dec-2016 17:51 [DEBUG]: Initialized StandardServletEnvironment with PropertySources [servletConfigInitParams,servletContextInitParams,jndiProperties,systemProperties,systemEnvironment]
29-Dec-2016 17:51 [TRACE]: Converting String to [boolean] using property editor [org.springframework.beans.propertyeditors.CustomBooleanEditor@725122f2]
29-Dec-2016 17:51 [INFO ]: FrameworkServlet 'spring-ws': initialization started
29-Dec-2016 17:51 [DEBUG]: Servlet with name 'spring-ws' will try to create custom WebApplicationContext context of class 'org.springframework.web.context.support.XmlWebApplicationContext', using parent context [null]
29-Dec-2016 17:51 [DEBUG]: Replacing [servletContextInitParams] PropertySource with [servletContextInitParams]
29-Dec-2016 17:51 [DEBUG]: Replacing [servletConfigInitParams] PropertySource with [servletConfigInitParams]
29-Dec-2016 17:51 [INFO ]: Refreshing WebApplicationContext for namespace 'spring-ws-servlet': startup date [Thu Dec 29 17:51:59 EET 2016]; root of context hierarchy
29-Dec-2016 17:51 [DEBUG]: Adding [systemProperties] PropertySource with lowest search precedence
29-Dec-2016 17:51 [DEBUG]: Adding [systemEnvironment] PropertySource with lowest search precedence
29-Dec-2016 17:51 [DEBUG]: Initialized StandardEnvironment with PropertySources [systemProperties,systemEnvironment]
29-Dec-2016 17:51 [INFO ]: Loading XML bean definitions from class path resource [SpringConfig/SpringWSConfiguration.xml]
29-Dec-2016 17:51 [DEBUG]: Using JAXP provider [weblogic.xml.jaxp.RegistryDocumentBuilderFactory]
29-Dec-2016 17:51 [TRACE]: Trying to resolve XML entity with public id [null] and system id [http://www.springframework.org/schema/beans/spring-beans-3.0.xsd]
29-Dec-2016 17:51 [DEBUG]: Loading schema mappings from [META-INF/spring.schemas]
29-Dec-2016 17:51 [DEBUG]: Loaded schema mappings: {http://www.springframework.org/schema/tx/spring-tx-2.5.xsd=org/springframework/transaction/config/spring-tx-2.5.xsd, http://www.springframework.org/schema/context/spring-context-3.1.xsd=org/springframework/context/config/spring-context-3.1.xsd, http://www.springframework.org/schema/util/spring-util-3.0.xsd=org/springframework/beans/factory/xml/spring-util-3.0.xsd, http://www.springframework.org/schema/tool/spring-tool.xsd=org/springframework/beans/factory/xml/spring-tool-4.0.xsd, http://www.springframework.org/schema/aop/spring-aop-3.2.xsd=org/springframework/aop/config/spring-aop-3.2.xsd, http://www.springframework.org/schema/context/spring-context-4.0.xsd=org/springframework/context/config/spring-context-4.0.xsd, http://www.springframework.org/schema/mvc/spring-mvc-3.2.xsd=org/springframework/web/servlet/config/spring-mvc-3.2.xsd, http://www.springframework.org/schema/oxm/spring-oxm-3.0.xsd=org/springframework/oxm/config/spring-oxm-3.0.xsd, http://www.springframework.org/schema/lang/spring-lang-3.2.xsd=org/springframework/scripting/config/spring-lang-3.2.xsd, http://www.springframework.org/schema/cache/spring-cache-3.2.xsd=org/springframework/cache/config/spring-cache-3.2.xsd, http://www.springframework.org/schema/jdbc/spring-jdbc-3.1.xsd=org/springframework/jdbc/config/spring-jdbc-3.1.xsd, http://www.springframework.org/schema/util/spring-util-2.0.xsd=org/springframework/beans/factory/xml/spring-util-2.0.xsd, http://www.springframework.org/schema/tool/spring-tool-3.2.xsd=org/springframework/beans/factory/xml/spring-tool-3.2.xsd, http://www.springframework.org/schema/context/spring-context.xsd=org/springframework/context/config/spring-context-4.0.xsd, http://www.springframework.org/schema/aop/spring-aop-4.0.xsd=org/springframework/aop/config/spring-aop-4.0.xsd, http://www.springframework.org/schema/jee/spring-jee-3.2.xsd=org/springframework/ejb/config/spring-jee-3.2.xsd, http://www.springframework.org/schema/context/spring-context-3.0.xsd=org/springframework/context/config/spring-context-3.0.xsd, http://www.springframework.org/schema/jdbc/spring-jdbc-4.0.xsd=org/springframework/jdbc/config/spring-jdbc-4.0.xsd, http://www.springframework.org/schema/mvc/spring-mvc-4.0.xsd=org/springframework/web/servlet/config/spring-mvc-4.0.xsd, http://www.springframework.org/schema/util/spring-util-2.5.xsd=org/springframework/beans/factory/xml/spring-util-2.5.xsd, http://www.springframework.org/schema/beans/spring-beans-3.2.xsd=org/springframework/beans/factory/xml/spring-beans-3.2.xsd, http://www.springframework.org/schema/aop/spring-aop-3.1.xsd=org/springframework/aop/config/spring-aop-3.1.xsd, http://www.springframework.org/schema/lang/spring-lang-4.0.xsd=org/springframework/scripting/config/spring-lang-4.0.xsd, http://www.springframework.org/schema/mvc/spring-mvc.xsd=org/springframework/web/servlet/config/spring-mvc-4.0.xsd, http://www.springframework.org/schema/mvc/spring-mvc-3.1.xsd=org/springframework/web/servlet/config/spring-mvc-3.1.xsd, http://www.springframework.org/schema/tool/spring-tool-4.0.xsd=org/springframework/beans/factory/xml/spring-tool-4.0.xsd, http://www.springframework.org/schema/tx/spring-tx-3.2.xsd=org/springframework/transaction/config/spring-tx-3.2.xsd, http://www.springframework.org/schema/lang/spring-lang-3.1.xsd=org/springframework/scripting/config/spring-lang-3.1.xsd, http://www.springframework.org/schema/cache/spring-cache-3.1.xsd=org/springframework/cache/config/spring-cache-3.1.xsd, http://www.springframework.org/schema/jee/spring-jee-4.0.xsd=org/springframework/ejb/config/spring-jee-4.0.xsd, http://www.springframework.org/schema/jdbc/spring-jdbc-3.0.xsd=org/springframework/jdbc/config/spring-jdbc-3.0.xsd, http://www.springframework.org/schema/jdbc/spring-jdbc.xsd=org/springframework/jdbc/config/spring-jdbc-4.0.xsd, http://www.springframework.org/schema/tool/spring-tool-3.1.xsd=org/springframework/beans/factory/xml/spring-tool-3.1.xsd, http://www.springframework.org/schema/cache/spring-cache-4.0.xsd=org/springframework/cache/config/spring-cache-4.0.xsd, http://www.springframework.org/schema/jee/spring-jee-3.1.xsd=org/springframework/ejb/config/spring-jee-3.1.xsd, http://www.springframework.org/schema/task/spring-task-3.2.xsd=org/springframework/scheduling/config/spring-task-3.2.xsd, http://www.springframework.org/schema/beans/spring-beans-3.1.xsd=org/springframework/beans/factory/xml/spring-beans-3.1.xsd, http://www.springframework.org/schema/util/spring-util.xsd=org/springframework/beans/factory/xml/spring-util-4.0.xsd, http://www.springframework.org/schema/aop/spring-aop-3.0.xsd=org/springframework/aop/config/spring-aop-3.0.xsd, http://www.springframework.org/schema/mvc/spring-mvc-3.0.xsd=org/springframework/web/servlet/config/spring-mvc-3.0.xsd, http://www.springframework.org/schema/beans/spring-beans-4.0.xsd=org/springframework/beans/factory/xml/spring-beans-4.0.xsd, http://www.springframework.org/schema/beans/spring-beans.xsd=org/springframework/beans/factory/xml/spring-beans-4.0.xsd, http://www.springframework.org/schema/web-services/web-services.xsd=/org/springframework/ws/config/web-services-2.0.xsd, http://www.springframework.org/schema/lang/spring-lang-3.0.xsd=org/springframework/scripting/config/spring-lang-3.0.xsd, http://www.springframework.org/schema/tx/spring-tx-3.1.xsd=org/springframework/transaction/config/spring-tx-3.1.xsd, http://www.springframework.org/schema/context/spring-context-2.5.xsd=org/springframework/context/config/spring-context-2.5.xsd, http://www.springframework.org/schema/task/spring-task-4.0.xsd=org/springframework/scheduling/config/spring-task-4.0.xsd, http://www.springframework.org/schema/tool/spring-tool-3.0.xsd=org/springframework/beans/factory/xml/spring-tool-3.0.xsd, http://www.springframework.org/schema/tx/spring-tx-4.0.xsd=org/springframework/transaction/config/spring-tx-4.0.xsd, http://www.springframework.org/schema/aop/spring-aop-2.0.xsd=org/springframework/aop/config/spring-aop-2.0.xsd, http://www.springframework.org/schema/jee/spring-jee-3.0.xsd=org/springframework/ejb/config/spring-jee-3.0.xsd, http://www.springframework.org/schema/task/spring-task-3.1.xsd=org/springframework/scheduling/config/spring-task-3.1.xsd, http://www.springframework.org/schema/beans/spring-beans-3.0.xsd=org/springframework/beans/factory/xml/spring-beans-3.0.xsd, http://www.springframework.org/schema/jee/spring-jee.xsd=org/springframework/ejb/config/spring-jee-4.0.xsd, http://www.springframework.org/schema/aop/spring-aop-2.5.xsd=org/springframework/aop/config/spring-aop-2.5.xsd, http://www.springframework.org/schema/lang/spring-lang-2.0.xsd=org/springframework/scripting/config/spring-lang-2.0.xsd, http://www.springframework.org/schema/oxm/spring-oxm.xsd=org/springframework/oxm/config/spring-oxm-4.0.xsd, http://www.springframework.org/schema/util/spring-util-3.2.xsd=org/springframework/beans/factory/xml/spring-util-3.2.xsd, http://www.springframework.org/schema/task/spring-task.xsd=org/springframework/scheduling/config/spring-task-4.0.xsd, http://www.springframework.org/schema/tool/spring-tool-2.0.xsd=org/springframework/beans/factory/xml/spring-tool-2.0.xsd, http://www.springframework.org/schema/tx/spring-tx-3.0.xsd=org/springframework/transaction/config/spring-tx-3.0.xsd, http://www.springframework.org/schema/lang/spring-lang-2.5.xsd=org/springframework/scripting/config/spring-lang-2.5.xsd, http://www.springframework.org/schema/jee/spring-jee-2.0.xsd=org/springframework/ejb/config/spring-jee-2.0.xsd, http://www.springframework.org/schema/oxm/spring-oxm-3.2.xsd=org/springframework/oxm/config/spring-oxm-3.2.xsd, http://www.springframework.org/schema/tool/spring-tool-2.5.xsd=org/springframework/beans/factory/xml/spring-tool-2.5.xsd, http://www.springframework.org/schema/jee/spring-jee-2.5.xsd=org/springframework/ejb/config/spring-jee-2.5.xsd, http://www.springframework.org/schema/web-services/web-services-2.0.xsd=/org/springframework/ws/config/web-services-2.0.xsd, http://www.springframework.org/schema/util/spring-util-4.0.xsd=org/springframework/beans/factory/xml/spring-util-4.0.xsd, http://www.springframework.org/schema/task/spring-task-3.0.xsd=org/springframework/scheduling/config/spring-task-3.0.xsd, http://www.springframework.org/schema/lang/spring-lang.xsd=org/springframework/scripting/config/spring-lang-4.0.xsd, http://www.springframework.org/schema/context/spring-context-3.2.xsd=org/springframework/context/config/spring-context-3.2.xsd, http://www.springframework.org/schema/util/spring-util-3.1.xsd=org/springframework/beans/factory/xml/spring-util-3.1.xsd, http://www.springframework.org/schema/beans/spring-beans-2.0.xsd=org/springframework/beans/factory/xml/spring-beans-2.0.xsd, http://www.springframework.org/schema/oxm/spring-oxm-4.0.xsd=org/springframework/oxm/config/spring-oxm-4.0.xsd, http://www.springframework.org/schema/cache/spring-cache.xsd=org/springframework/cache/config/spring-cache-4.0.xsd, http://www.springframework.org/schema/tx/spring-tx.xsd=org/springframework/transaction/config/spring-tx-4.0.xsd, http://www.springframework.org/schema/beans/spring-beans-2.5.xsd=org/springframework/beans/factory/xml/spring-beans-2.5.xsd, http://www.springframework.org/schema/oxm/spring-oxm-3.1.xsd=org/springframework/oxm/config/spring-oxm-3.1.xsd, http://www.springframework.org/schema/tx/spring-tx-2.0.xsd=org/springframework/transaction/config/spring-tx-2.0.xsd, http://www.springframework.org/schema/web-services/web-services-1.5.xsd=/org/springframework/ws/config/web-services-1.5.xsd, http://www.springframework.org/schema/jdbc/spring-jdbc-3.2.xsd=org/springframework/jdbc/config/spring-jdbc-3.2.xsd, http://www.springframework.org/schema/aop/spring-aop.xsd=org/springframework/aop/config/spring-aop-4.0.xsd}
29-Dec-2016 17:51 [DEBUG]: Found XML schema [http://www.springframework.org/schema/beans/spring-beans-3.0.xsd] in classpath: org/springframework/beans/factory/xml/spring-beans-3.0.xsd
29-Dec-2016 17:51 [TRACE]: Trying to resolve XML entity with public id [null] and system id [http://www.springframework.org/schema/context/spring-context-3.0.xsd]
29-Dec-2016 17:51 [DEBUG]: Found XML schema [http://www.springframework.org/schema/context/spring-context-3.0.xsd] in classpath: org/springframework/context/config/spring-context-3.0.xsd
29-Dec-2016 17:51 [TRACE]: Trying to resolve XML entity with public id [null] and system id [http://www.springframework.org/schema/tool/spring-tool-3.0.xsd]
29-Dec-2016 17:51 [DEBUG]: Found XML schema [http://www.springframework.org/schema/tool/spring-tool-3.0.xsd] in classpath: org/springframework/beans/factory/xml/spring-tool-3.0.xsd
29-Dec-2016 17:51 [TRACE]: Trying to resolve XML entity with public id [null] and system id [http://www.springframework.org/schema/web-services/web-services-2.0.xsd]
29-Dec-2016 17:51 [DEBUG]: Found XML schema [http://www.springframework.org/schema/web-services/web-services-2.0.xsd] in classpath: /org/springframework/ws/config/web-services-2.0.xsd
29-Dec-2016 17:51 [DEBUG]: Loading bean definitions
29-Dec-2016 17:51 [INFO ]: Loading XML bean definitions from class path resource [SpringConfig/DataSourceConfiguration.xml]
29-Dec-2016 17:51 [DEBUG]: Using JAXP provider [weblogic.xml.jaxp.RegistryDocumentBuilderFactory]
29-Dec-2016 17:51 [TRACE]: Trying to resolve XML entity with public id [null] and system id [http://www.springframework.org/schema/beans/spring-beans-2.5.xsd]
29-Dec-2016 17:51 [DEBUG]: Found XML schema [http://www.springframework.org/schema/beans/spring-beans-2.5.xsd] in classpath: org/springframework/beans/factory/xml/spring-beans-2.5.xsd
29-Dec-2016 17:51 [DEBUG]: Loading bean definitions
29-Dec-2016 17:51 [DEBUG]: Neither XML 'id' nor 'name' specified - using generated bean name [org.springframework.beans.factory.config.PropertyPlaceholderConfigurer#0]
29-Dec-2016 17:51 [DEBUG]: Imported 2 bean definitions from relative location [DataSourceConfiguration.xml]
29-Dec-2016 17:51 [INFO ]: Loading XML bean definitions from class path resource [SpringConfig/HibernateSessionFactoryConfiguration.xml]
29-Dec-2016 17:51 [DEBUG]: Using JAXP provider [weblogic.xml.jaxp.RegistryDocumentBuilderFactory]
29-Dec-2016 17:51 [TRACE]: Trying to resolve XML entity with public id [null] and system id [http://www.springframework.org/schema/beans/spring-beans-2.5.xsd]
29-Dec-2016 17:51 [DEBUG]: Found XML schema [http://www.springframework.org/schema/beans/spring-beans-2.5.xsd] in classpath: org/springframework/beans/factory/xml/spring-beans-2.5.xsd
29-Dec-2016 17:51 [DEBUG]: Loading bean definitions
29-Dec-2016 17:51 [DEBUG]: Imported 2 bean definitions from relative location [HibernateSessionFactoryConfiguration.xml]
29-Dec-2016 17:51 [INFO ]: Loading XML bean definitions from class path resource [SpringConfig/TransactionConfiguration.xml]
29-Dec-2016 17:51 [DEBUG]: Using JAXP provider [weblogic.xml.jaxp.RegistryDocumentBuilderFactory]
29-Dec-2016 17:51 [TRACE]: Trying to resolve XML entity with public id [null] and system id [http://www.springframework.org/schema/beans/spring-beans-2.5.xsd]
29-Dec-2016 17:51 [DEBUG]: Found XML schema [http://www.springframework.org/schema/beans/spring-beans-2.5.xsd] in classpath: org/springframework/beans/factory/xml/spring-beans-2.5.xsd
29-Dec-2016 17:51 [TRACE]: Trying to resolve XML entity with public id [null] and system id [http://www.springframework.org/schema/tx/spring-tx.xsd]
29-Dec-2016 17:51 [DEBUG]: Found XML schema [http://www.springframework.org/schema/tx/spring-tx.xsd] in classpath: org/springframework/transaction/config/spring-tx-4.0.xsd
29-Dec-2016 17:51 [TRACE]: Trying to resolve XML entity with public id [null] and system id [http://www.springframework.org/schema/tool/spring-tool-4.0.xsd]
29-Dec-2016 17:51 [DEBUG]: Found XML schema [http://www.springframework.org/schema/tool/spring-tool-4.0.xsd] in classpath: org/springframework/beans/factory/xml/spring-tool-4.0.xsd
29-Dec-2016 17:51 [TRACE]: Trying to resolve XML entity with public id [null] and system id [http://www.springframework.org/schema/aop/spring-aop.xsd]
29-Dec-2016 17:51 [DEBUG]: Found XML schema [http://www.springframework.org/schema/aop/spring-aop.xsd] in classpath: org/springframework/aop/config/spring-aop-4.0.xsd
29-Dec-2016 17:51 [DEBUG]: Loading bean definitions
29-Dec-2016 17:51 [DEBUG]: Loaded NamespaceHandler mappings: {http://www.springframework.org/schema/p=org.springframework.beans.factory.xml.SimplePropertyNamespaceHandler, http://www.springframework.org/schema/web-services=org.springframework.ws.config.WebServicesNamespaceHandler, http://www.springframework.org/schema/mvc=org.springframework.web.servlet.config.MvcNamespaceHandler, http://www.springframework.org/schema/util=org.springframework.beans.factory.xml.UtilNamespaceHandler, http://www.springframework.org/schema/jee=org.springframework.ejb.config.JeeNamespaceHandler, http://www.springframework.org/schema/aop=org.springframework.aop.config.AopNamespaceHandler, http://www.springframework.org/schema/oxm=org.springframework.oxm.config.OxmNamespaceHandler, http://www.springframework.org/schema/jdbc=org.springframework.jdbc.config.JdbcNamespaceHandler, http://www.springframework.org/schema/cache=org.springframework.cache.config.CacheNamespaceHandler, http://www.springframework.org/schema/c=org.springframework.beans.factory.xml.SimpleConstructorNamespaceHandler, http://www.springframework.org/schema/tx=org.springframework.transaction.config.TxNamespaceHandler, http://www.springframework.org/schema/task=org.springframework.scheduling.config.TaskNamespaceHandler, http://www.springframework.org/schema/lang=org.springframework.scripting.config.LangNamespaceHandler, http://www.springframework.org/schema/context=org.springframework.context.config.ContextNamespaceHandler}
29-Dec-2016 17:51 [DEBUG]: Imported 5 bean definitions from relative location [TransactionConfiguration.xml]
29-Dec-2016 17:51 [INFO ]: Loading XML bean definitions from URL [zip:C:/Oracle/Middleware/user_projects/domains/My_First_Domain/servers/AdminServer/tmp/_WL_user/_appsdir_basecourse_war/1v3pty/war/WEB-INF/lib/_wl_cls_gen.jar!/SpringConfig/DomainExceptionsBeans.xml]
29-Dec-2016 17:51 [ERROR]: Context initialization failed
org.springframework.beans.factory.parsing.BeanDefinitionParsingException: Configuration problem: Failed to import bean definitions from relative location [DomainExceptionsBeans.xml]
Offending resource: class path resource [SpringConfig/SpringWSConfiguration.xml]; nested exception is org.springframework.beans.factory.BeanDefinitionStoreException: IOException parsing XML document from URL [zip:C:/Oracle/Middleware/user_projects/domains/My_First_Domain/servers/AdminServer/tmp/_WL_user/_appsdir_basecourse_war/1v3pty/war/WEB-INF/lib/_wl_cls_gen.jar!/SpringConfig/DomainExceptionsBeans.xml]; nested exception is java.io.FileNotFoundException: zip:C:/Oracle/Middleware/user_projects/domains/My_First_Domain/servers/AdminServer/tmp/_WL_user/_appsdir_basecourse_war/1v3pty/war/WEB-INF/lib/_wl_cls_gen.jar!/SpringConfig/DomainExceptionsBeans.xml
	at org.springframework.beans.factory.parsing.FailFastProblemReporter.error(FailFastProblemReporter.java:70)
	at org.springframework.beans.factory.parsing.ReaderContext.error(ReaderContext.java:85)
	at org.springframework.beans.factory.parsing.ReaderContext.error(ReaderContext.java:76)
	at org.springframework.beans.factory.xml.DefaultBeanDefinitionDocumentReader.importBeanDefinitionResource(DefaultBeanDefinitionDocumentReader.java:266)
	at org.springframework.beans.factory.xml.DefaultBeanDefinitionDocumentReader.parseDefaultElement(DefaultBeanDefinitionDocumentReader.java:191)
	at org.springframework.beans.factory.xml.DefaultBeanDefinitionDocumentReader.parseBeanDefinitions(DefaultBeanDefinitionDocumentReader.java:176)
	at org.springframework.beans.factory.xml.DefaultBeanDefinitionDocumentReader.doRegisterBeanDefinitions(DefaultBeanDefinitionDocumentReader.java:149)
	at org.springframework.beans.factory.xml.DefaultBeanDefinitionDocumentReader.registerBeanDefinitions(DefaultBeanDefinitionDocumentReader.java:103)
	at org.springframework.beans.factory.xml.XmlBeanDefinitionReader.registerBeanDefinitions(XmlBeanDefinitionReader.java:510)
	at org.springframework.beans.factory.xml.XmlBeanDefinitionReader.doLoadBeanDefinitions(XmlBeanDefinitionReader.java:392)
	at org.springframework.beans.factory.xml.XmlBeanDefinitionReader.loadBeanDefinitions(XmlBeanDefinitionReader.java:336)
	at org.springframework.beans.factory.xml.XmlBeanDefinitionReader.loadBeanDefinitions(XmlBeanDefinitionReader.java:304)
	at org.springframework.beans.factory.support.AbstractBeanDefinitionReader.loadBeanDefinitions(AbstractBeanDefinitionReader.java:180)
	at org.springframework.beans.factory.support.AbstractBeanDefinitionReader.loadBeanDefinitions(AbstractBeanDefinitionReader.java:216)
	at org.springframework.beans.factory.support.AbstractBeanDefinitionReader.loadBeanDefinitions(AbstractBeanDefinitionReader.java:187)
	at org.springframework.web.context.support.XmlWebApplicationContext.loadBeanDefinitions(XmlWebApplicationContext.java:125)
	at org.springframework.web.context.support.XmlWebApplicationContext.loadBeanDefinitions(XmlWebApplicationContext.java:94)
	at org.springframework.context.support.AbstractRefreshableApplicationContext.refreshBeanFactory(AbstractRefreshableApplicationContext.java:129)
	at org.springframework.context.support.AbstractApplicationContext.obtainFreshBeanFactory(AbstractApplicationContext.java:542)
	at org.springframework.context.support.AbstractApplicationContext.refresh(AbstractApplicationContext.java:454)
	at org.springframework.web.servlet.FrameworkServlet.configureAndRefreshWebApplicationContext(FrameworkServlet.java:658)
	at org.springframework.web.servlet.FrameworkServlet.createWebApplicationContext(FrameworkServlet.java:624)
	at org.springframework.web.servlet.FrameworkServlet.createWebApplicationContext(FrameworkServlet.java:672)
	at org.springframework.web.servlet.FrameworkServlet.initWebApplicationContext(FrameworkServlet.java:543)
	at org.springframework.web.servlet.FrameworkServlet.initServletBean(FrameworkServlet.java:484)
	at org.springframework.web.servlet.HttpServletBean.init(HttpServletBean.java:136)
	at javax.servlet.GenericServlet.init(GenericServlet.java:241)
	at weblogic.servlet.internal.StubSecurityHelper$ServletInitAction.run(StubSecurityHelper.java:283)
	at weblogic.security.acl.internal.AuthenticatedSubject.doAs(AuthenticatedSubject.java:321)
	at weblogic.security.service.SecurityManager.runAs(SecurityManager.java:120)
	at weblogic.servlet.internal.StubSecurityHelper.createServlet(StubSecurityHelper.java:64)
	at weblogic.servlet.internal.StubLifecycleHelper.createOneInstance(StubLifecycleHelper.java:58)
	at weblogic.servlet.internal.StubLifecycleHelper.<init>(StubLifecycleHelper.java:48)
	at weblogic.servlet.internal.ServletStubImpl.prepareServlet(ServletStubImpl.java:539)
	at weblogic.servlet.internal.ServletStubImpl.execute(ServletStubImpl.java:243)
	at weblogic.servlet.internal.ServletStubImpl.execute(ServletStubImpl.java:183)
	at weblogic.servlet.internal.WebAppServletContext$ServletInvocationAction.wrapRun(WebAppServletContext.java:3717)
	at weblogic.servlet.internal.WebAppServletContext$ServletInvocationAction.run(WebAppServletContext.java:3681)
	at weblogic.security.acl.internal.AuthenticatedSubject.doAs(AuthenticatedSubject.java:321)
	at weblogic.security.service.SecurityManager.runAs(SecurityManager.java:120)
	at weblogic.servlet.internal.WebAppServletContext.securedExecute(WebAppServletContext.java:2277)
	at weblogic.servlet.internal.WebAppServletContext.execute(WebAppServletContext.java:2183)
	at weblogic.servlet.internal.ServletRequestImpl.run(ServletRequestImpl.java:1454)
	at weblogic.work.ExecuteThread.execute(ExecuteThread.java:209)
	at weblogic.work.ExecuteThread.run(ExecuteThread.java:178)
Caused by: org.springframework.beans.factory.BeanDefinitionStoreException: IOException parsing XML document from URL [zip:C:/Oracle/Middleware/user_projects/domains/My_First_Domain/servers/AdminServer/tmp/_WL_user/_appsdir_basecourse_war/1v3pty/war/WEB-INF/lib/_wl_cls_gen.jar!/SpringConfig/DomainExceptionsBeans.xml]; nested exception is java.io.FileNotFoundException: zip:C:/Oracle/Middleware/user_projects/domains/My_First_Domain/servers/AdminServer/tmp/_WL_user/_appsdir_basecourse_war/1v3pty/war/WEB-INF/lib/_wl_cls_gen.jar!/SpringConfig/DomainExceptionsBeans.xml
	at org.springframework.beans.factory.xml.XmlBeanDefinitionReader.loadBeanDefinitions(XmlBeanDefinitionReader.java:344)
	at org.springframework.beans.factory.xml.XmlBeanDefinitionReader.loadBeanDefinitions(XmlBeanDefinitionReader.java:304)
	at org.springframework.beans.factory.support.AbstractBeanDefinitionReader.loadBeanDefinitions(AbstractBeanDefinitionReader.java:180)
	at org.springframework.beans.factory.support.AbstractBeanDefinitionReader.loadBeanDefinitions(AbstractBeanDefinitionReader.java:216)
	at org.springframework.beans.factory.xml.DefaultBeanDefinitionDocumentReader.importBeanDefinitionResource(DefaultBeanDefinitionDocumentReader.java:255)
	... 41 more
Caused by: java.io.FileNotFoundException: zip:C:/Oracle/Middleware/user_projects/domains/My_First_Domain/servers/AdminServer/tmp/_WL_user/_appsdir_basecourse_war/1v3pty/war/WEB-INF/lib/_wl_cls_gen.jar!/SpringConfig/DomainExceptionsBeans.xml
	at weblogic.utils.zip.ZipURLConnection.connect(Handler.java:91)
	at weblogic.utils.zip.ZipURLConnection.getInputStream(Handler.java:59)
	at org.springframework.core.io.UrlResource.getInputStream(UrlResource.java:168)
	at org.springframework.beans.factory.xml.XmlBeanDefinitionReader.loadBeanDefinitions(XmlBeanDefinitionReader.java:330)
	... 45 more
29-Dec-2016 17:51 [DEBUG]: Initializing servlet 'spring-ws'
29-Dec-2016 17:51 [DEBUG]: Adding [servletConfigInitParams] PropertySource with lowest search precedence
29-Dec-2016 17:51 [DEBUG]: Adding [servletContextInitParams] PropertySource with lowest search precedence
29-Dec-2016 17:51 [DEBUG]: Adding [jndiProperties] PropertySource with lowest search precedence
29-Dec-2016 17:51 [DEBUG]: Adding [systemProperties] PropertySource with lowest search precedence
29-Dec-2016 17:51 [DEBUG]: Adding [systemEnvironment] PropertySource with lowest search precedence
29-Dec-2016 17:51 [DEBUG]: Initialized StandardServletEnvironment with PropertySources [servletConfigInitParams,servletContextInitParams,jndiProperties,systemProperties,systemEnvironment]
29-Dec-2016 17:51 [TRACE]: Converting String to [boolean] using property editor [org.springframework.beans.propertyeditors.CustomBooleanEditor@4b623f3e]
29-Dec-2016 17:51 [INFO ]: FrameworkServlet 'spring-ws': initialization started
29-Dec-2016 17:51 [DEBUG]: Servlet with name 'spring-ws' will try to create custom WebApplicationContext context of class 'org.springframework.web.context.support.XmlWebApplicationContext', using parent context [null]
29-Dec-2016 17:51 [DEBUG]: Replacing [servletContextInitParams] PropertySource with [servletContextInitParams]
29-Dec-2016 17:51 [DEBUG]: Replacing [servletConfigInitParams] PropertySource with [servletConfigInitParams]
29-Dec-2016 17:51 [INFO ]: Refreshing WebApplicationContext for namespace 'spring-ws-servlet': startup date [Thu Dec 29 17:51:59 EET 2016]; root of context hierarchy
29-Dec-2016 17:51 [DEBUG]: Adding [systemProperties] PropertySource with lowest search precedence
29-Dec-2016 17:51 [DEBUG]: Adding [systemEnvironment] PropertySource with lowest search precedence
29-Dec-2016 17:51 [DEBUG]: Initialized StandardEnvironment with PropertySources [systemProperties,systemEnvironment]
29-Dec-2016 17:51 [INFO ]: Loading XML bean definitions from class path resource [SpringConfig/SpringWSConfiguration.xml]
29-Dec-2016 17:51 [DEBUG]: Using JAXP provider [weblogic.xml.jaxp.RegistryDocumentBuilderFactory]
29-Dec-2016 17:51 [TRACE]: Trying to resolve XML entity with public id [null] and system id [http://www.springframework.org/schema/beans/spring-beans-3.0.xsd]
29-Dec-2016 17:51 [DEBUG]: Loading schema mappings from [META-INF/spring.schemas]
29-Dec-2016 17:51 [DEBUG]: Loaded schema mappings: {http://www.springframework.org/schema/tx/spring-tx-2.5.xsd=org/springframework/transaction/config/spring-tx-2.5.xsd, http://www.springframework.org/schema/context/spring-context-3.1.xsd=org/springframework/context/config/spring-context-3.1.xsd, http://www.springframework.org/schema/util/spring-util-3.0.xsd=org/springframework/beans/factory/xml/spring-util-3.0.xsd, http://www.springframework.org/schema/tool/spring-tool.xsd=org/springframework/beans/factory/xml/spring-tool-4.0.xsd, http://www.springframework.org/schema/aop/spring-aop-3.2.xsd=org/springframework/aop/config/spring-aop-3.2.xsd, http://www.springframework.org/schema/context/spring-context-4.0.xsd=org/springframework/context/config/spring-context-4.0.xsd, http://www.springframework.org/schema/mvc/spring-mvc-3.2.xsd=org/springframework/web/servlet/config/spring-mvc-3.2.xsd, http://www.springframework.org/schema/oxm/spring-oxm-3.0.xsd=org/springframework/oxm/config/spring-oxm-3.0.xsd, http://www.springframework.org/schema/lang/spring-lang-3.2.xsd=org/springframework/scripting/config/spring-lang-3.2.xsd, http://www.springframework.org/schema/cache/spring-cache-3.2.xsd=org/springframework/cache/config/spring-cache-3.2.xsd, http://www.springframework.org/schema/jdbc/spring-jdbc-3.1.xsd=org/springframework/jdbc/config/spring-jdbc-3.1.xsd, http://www.springframework.org/schema/util/spring-util-2.0.xsd=org/springframework/beans/factory/xml/spring-util-2.0.xsd, http://www.springframework.org/schema/tool/spring-tool-3.2.xsd=org/springframework/beans/factory/xml/spring-tool-3.2.xsd, http://www.springframework.org/schema/context/spring-context.xsd=org/springframework/context/config/spring-context-4.0.xsd, http://www.springframework.org/schema/aop/spring-aop-4.0.xsd=org/springframework/aop/config/spring-aop-4.0.xsd, http://www.springframework.org/schema/jee/spring-jee-3.2.xsd=org/springframework/ejb/config/spring-jee-3.2.xsd, http://www.springframework.org/schema/context/spring-context-3.0.xsd=org/springframework/context/config/spring-context-3.0.xsd, http://www.springframework.org/schema/jdbc/spring-jdbc-4.0.xsd=org/springframework/jdbc/config/spring-jdbc-4.0.xsd, http://www.springframework.org/schema/mvc/spring-mvc-4.0.xsd=org/springframework/web/servlet/config/spring-mvc-4.0.xsd, http://www.springframework.org/schema/util/spring-util-2.5.xsd=org/springframework/beans/factory/xml/spring-util-2.5.xsd, http://www.springframework.org/schema/beans/spring-beans-3.2.xsd=org/springframework/beans/factory/xml/spring-beans-3.2.xsd, http://www.springframework.org/schema/aop/spring-aop-3.1.xsd=org/springframework/aop/config/spring-aop-3.1.xsd, http://www.springframework.org/schema/lang/spring-lang-4.0.xsd=org/springframework/scripting/config/spring-lang-4.0.xsd, http://www.springframework.org/schema/mvc/spring-mvc.xsd=org/springframework/web/servlet/config/spring-mvc-4.0.xsd, http://www.springframework.org/schema/mvc/spring-mvc-3.1.xsd=org/springframework/web/servlet/config/spring-mvc-3.1.xsd, http://www.springframework.org/schema/tool/spring-tool-4.0.xsd=org/springframework/beans/factory/xml/spring-tool-4.0.xsd, http://www.springframework.org/schema/tx/spring-tx-3.2.xsd=org/springframework/transaction/config/spring-tx-3.2.xsd, http://www.springframework.org/schema/lang/spring-lang-3.1.xsd=org/springframework/scripting/config/spring-lang-3.1.xsd, http://www.springframework.org/schema/cache/spring-cache-3.1.xsd=org/springframework/cache/config/spring-cache-3.1.xsd, http://www.springframework.org/schema/jee/spring-jee-4.0.xsd=org/springframework/ejb/config/spring-jee-4.0.xsd, http://www.springframework.org/schema/jdbc/spring-jdbc-3.0.xsd=org/springframework/jdbc/config/spring-jdbc-3.0.xsd, http://www.springframework.org/schema/jdbc/spring-jdbc.xsd=org/springframework/jdbc/config/spring-jdbc-4.0.xsd, http://www.springframework.org/schema/tool/spring-tool-3.1.xsd=org/springframework/beans/factory/xml/spring-tool-3.1.xsd, http://www.springframework.org/schema/cache/spring-cache-4.0.xsd=org/springframework/cache/config/spring-cache-4.0.xsd, http://www.springframework.org/schema/jee/spring-jee-3.1.xsd=org/springframework/ejb/config/spring-jee-3.1.xsd, http://www.springframework.org/schema/task/spring-task-3.2.xsd=org/springframework/scheduling/config/spring-task-3.2.xsd, http://www.springframework.org/schema/beans/spring-beans-3.1.xsd=org/springframework/beans/factory/xml/spring-beans-3.1.xsd, http://www.springframework.org/schema/util/spring-util.xsd=org/springframework/beans/factory/xml/spring-util-4.0.xsd, http://www.springframework.org/schema/aop/spring-aop-3.0.xsd=org/springframework/aop/config/spring-aop-3.0.xsd, http://www.springframework.org/schema/mvc/spring-mvc-3.0.xsd=org/springframework/web/servlet/config/spring-mvc-3.0.xsd, http://www.springframework.org/schema/beans/spring-beans-4.0.xsd=org/springframework/beans/factory/xml/spring-beans-4.0.xsd, http://www.springframework.org/schema/beans/spring-beans.xsd=org/springframework/beans/factory/xml/spring-beans-4.0.xsd, http://www.springframework.org/schema/web-services/web-services.xsd=/org/springframework/ws/config/web-services-2.0.xsd, http://www.springframework.org/schema/lang/spring-lang-3.0.xsd=org/springframework/scripting/config/spring-lang-3.0.xsd, http://www.springframework.org/schema/tx/spring-tx-3.1.xsd=org/springframework/transaction/config/spring-tx-3.1.xsd, http://www.springframework.org/schema/context/spring-context-2.5.xsd=org/springframework/context/config/spring-context-2.5.xsd, http://www.springframework.org/schema/task/spring-task-4.0.xsd=org/springframework/scheduling/config/spring-task-4.0.xsd, http://www.springframework.org/schema/tool/spring-tool-3.0.xsd=org/springframework/beans/factory/xml/spring-tool-3.0.xsd, http://www.springframework.org/schema/tx/spring-tx-4.0.xsd=org/springframework/transaction/config/spring-tx-4.0.xsd, http://www.springframework.org/schema/aop/spring-aop-2.0.xsd=org/springframework/aop/config/spring-aop-2.0.xsd, http://www.springframework.org/schema/jee/spring-jee-3.0.xsd=org/springframework/ejb/config/spring-jee-3.0.xsd, http://www.springframework.org/schema/task/spring-task-3.1.xsd=org/springframework/scheduling/config/spring-task-3.1.xsd, http://www.springframework.org/schema/beans/spring-beans-3.0.xsd=org/springframework/beans/factory/xml/spring-beans-3.0.xsd, http://www.springframework.org/schema/jee/spring-jee.xsd=org/springframework/ejb/config/spring-jee-4.0.xsd, http://www.springframework.org/schema/aop/spring-aop-2.5.xsd=org/springframework/aop/config/spring-aop-2.5.xsd, http://www.springframework.org/schema/lang/spring-lang-2.0.xsd=org/springframework/scripting/config/spring-lang-2.0.xsd, http://www.springframework.org/schema/oxm/spring-oxm.xsd=org/springframework/oxm/config/spring-oxm-4.0.xsd, http://www.springframework.org/schema/util/spring-util-3.2.xsd=org/springframework/beans/factory/xml/spring-util-3.2.xsd, http://www.springframework.org/schema/task/spring-task.xsd=org/springframework/scheduling/config/spring-task-4.0.xsd, http://www.springframework.org/schema/tool/spring-tool-2.0.xsd=org/springframework/beans/factory/xml/spring-tool-2.0.xsd, http://www.springframework.org/schema/tx/spring-tx-3.0.xsd=org/springframework/transaction/config/spring-tx-3.0.xsd, http://www.springframework.org/schema/lang/spring-lang-2.5.xsd=org/springframework/scripting/config/spring-lang-2.5.xsd, http://www.springframework.org/schema/jee/spring-jee-2.0.xsd=org/springframework/ejb/config/spring-jee-2.0.xsd, http://www.springframework.org/schema/oxm/spring-oxm-3.2.xsd=org/springframework/oxm/config/spring-oxm-3.2.xsd, http://www.springframework.org/schema/tool/spring-tool-2.5.xsd=org/springframework/beans/factory/xml/spring-tool-2.5.xsd, http://www.springframework.org/schema/jee/spring-jee-2.5.xsd=org/springframework/ejb/config/spring-jee-2.5.xsd, http://www.springframework.org/schema/web-services/web-services-2.0.xsd=/org/springframework/ws/config/web-services-2.0.xsd, http://www.springframework.org/schema/util/spring-util-4.0.xsd=org/springframework/beans/factory/xml/spring-util-4.0.xsd, http://www.springframework.org/schema/task/spring-task-3.0.xsd=org/springframework/scheduling/config/spring-task-3.0.xsd, http://www.springframework.org/schema/lang/spring-lang.xsd=org/springframework/scripting/config/spring-lang-4.0.xsd, http://www.springframework.org/schema/context/spring-context-3.2.xsd=org/springframework/context/config/spring-context-3.2.xsd, http://www.springframework.org/schema/util/spring-util-3.1.xsd=org/springframework/beans/factory/xml/spring-util-3.1.xsd, http://www.springframework.org/schema/beans/spring-beans-2.0.xsd=org/springframework/beans/factory/xml/spring-beans-2.0.xsd, http://www.springframework.org/schema/oxm/spring-oxm-4.0.xsd=org/springframework/oxm/config/spring-oxm-4.0.xsd, http://www.springframework.org/schema/cache/spring-cache.xsd=org/springframework/cache/config/spring-cache-4.0.xsd, http://www.springframework.org/schema/tx/spring-tx.xsd=org/springframework/transaction/config/spring-tx-4.0.xsd, http://www.springframework.org/schema/beans/spring-beans-2.5.xsd=org/springframework/beans/factory/xml/spring-beans-2.5.xsd, http://www.springframework.org/schema/oxm/spring-oxm-3.1.xsd=org/springframework/oxm/config/spring-oxm-3.1.xsd, http://www.springframework.org/schema/tx/spring-tx-2.0.xsd=org/springframework/transaction/config/spring-tx-2.0.xsd, http://www.springframework.org/schema/web-services/web-services-1.5.xsd=/org/springframework/ws/config/web-services-1.5.xsd, http://www.springframework.org/schema/jdbc/spring-jdbc-3.2.xsd=org/springframework/jdbc/config/spring-jdbc-3.2.xsd, http://www.springframework.org/schema/aop/spring-aop.xsd=org/springframework/aop/config/spring-aop-4.0.xsd}
29-Dec-2016 17:51 [DEBUG]: Found XML schema [http://www.springframework.org/schema/beans/spring-beans-3.0.xsd] in classpath: org/springframework/beans/factory/xml/spring-beans-3.0.xsd
29-Dec-2016 17:51 [TRACE]: Trying to resolve XML entity with public id [null] and system id [http://www.springframework.org/schema/context/spring-context-3.0.xsd]
29-Dec-2016 17:51 [DEBUG]: Found XML schema [http://www.springframework.org/schema/context/spring-context-3.0.xsd] in classpath: org/springframework/context/config/spring-context-3.0.xsd
29-Dec-2016 17:51 [TRACE]: Trying to resolve XML entity with public id [null] and system id [http://www.springframework.org/schema/tool/spring-tool-3.0.xsd]
29-Dec-2016 17:51 [DEBUG]: Found XML schema [http://www.springframework.org/schema/tool/spring-tool-3.0.xsd] in classpath: org/springframework/beans/factory/xml/spring-tool-3.0.xsd
29-Dec-2016 17:51 [TRACE]: Trying to resolve XML entity with public id [null] and system id [http://www.springframework.org/schema/web-services/web-services-2.0.xsd]
29-Dec-2016 17:51 [DEBUG]: Found XML schema [http://www.springframework.org/schema/web-services/web-services-2.0.xsd] in classpath: /org/springframework/ws/config/web-services-2.0.xsd
29-Dec-2016 17:51 [DEBUG]: Loading bean definitions
29-Dec-2016 17:51 [INFO ]: Loading XML bean definitions from class path resource [SpringConfig/DataSourceConfiguration.xml]
29-Dec-2016 17:51 [DEBUG]: Using JAXP provider [weblogic.xml.jaxp.RegistryDocumentBuilderFactory]
29-Dec-2016 17:51 [TRACE]: Trying to resolve XML entity with public id [null] and system id [http://www.springframework.org/schema/beans/spring-beans-2.5.xsd]
29-Dec-2016 17:51 [DEBUG]: Found XML schema [http://www.springframework.org/schema/beans/spring-beans-2.5.xsd] in classpath: org/springframework/beans/factory/xml/spring-beans-2.5.xsd
29-Dec-2016 17:51 [DEBUG]: Loading bean definitions
29-Dec-2016 17:51 [DEBUG]: Neither XML 'id' nor 'name' specified - using generated bean name [org.springframework.beans.factory.config.PropertyPlaceholderConfigurer#0]
29-Dec-2016 17:51 [DEBUG]: Imported 2 bean definitions from relative location [DataSourceConfiguration.xml]
29-Dec-2016 17:51 [INFO ]: Loading XML bean definitions from class path resource [SpringConfig/HibernateSessionFactoryConfiguration.xml]
29-Dec-2016 17:51 [DEBUG]: Using JAXP provider [weblogic.xml.jaxp.RegistryDocumentBuilderFactory]
29-Dec-2016 17:51 [TRACE]: Trying to resolve XML entity with public id [null] and system id [http://www.springframework.org/schema/beans/spring-beans-2.5.xsd]
29-Dec-2016 17:51 [DEBUG]: Found XML schema [http://www.springframework.org/schema/beans/spring-beans-2.5.xsd] in classpath: org/springframework/beans/factory/xml/spring-beans-2.5.xsd
29-Dec-2016 17:51 [DEBUG]: Loading bean definitions
29-Dec-2016 17:51 [DEBUG]: Imported 2 bean definitions from relative location [HibernateSessionFactoryConfiguration.xml]
29-Dec-2016 17:51 [INFO ]: Loading XML bean definitions from class path resource [SpringConfig/TransactionConfiguration.xml]
29-Dec-2016 17:51 [DEBUG]: Using JAXP provider [weblogic.xml.jaxp.RegistryDocumentBuilderFactory]
29-Dec-2016 17:51 [TRACE]: Trying to resolve XML entity with public id [null] and system id [http://www.springframework.org/schema/beans/spring-beans-2.5.xsd]
29-Dec-2016 17:51 [DEBUG]: Found XML schema [http://www.springframework.org/schema/beans/spring-beans-2.5.xsd] in classpath: org/springframework/beans/factory/xml/spring-beans-2.5.xsd
29-Dec-2016 17:51 [TRACE]: Trying to resolve XML entity with public id [null] and system id [http://www.springframework.org/schema/tx/spring-tx.xsd]
29-Dec-2016 17:51 [DEBUG]: Found XML schema [http://www.springframework.org/schema/tx/spring-tx.xsd] in classpath: org/springframework/transaction/config/spring-tx-4.0.xsd
29-Dec-2016 17:51 [TRACE]: Trying to resolve XML entity with public id [null] and system id [http://www.springframework.org/schema/tool/spring-tool-4.0.xsd]
29-Dec-2016 17:51 [DEBUG]: Found XML schema [http://www.springframework.org/schema/tool/spring-tool-4.0.xsd] in classpath: org/springframework/beans/factory/xml/spring-tool-4.0.xsd
29-Dec-2016 17:51 [TRACE]: Trying to resolve XML entity with public id [null] and system id [http://www.springframework.org/schema/aop/spring-aop.xsd]
29-Dec-2016 17:51 [DEBUG]: Found XML schema [http://www.springframework.org/schema/aop/spring-aop.xsd] in classpath: org/springframework/aop/config/spring-aop-4.0.xsd
29-Dec-2016 17:51 [DEBUG]: Loading bean definitions
29-Dec-2016 17:51 [DEBUG]: Loaded NamespaceHandler mappings: {http://www.springframework.org/schema/p=org.springframework.beans.factory.xml.SimplePropertyNamespaceHandler, http://www.springframework.org/schema/web-services=org.springframework.ws.config.WebServicesNamespaceHandler, http://www.springframework.org/schema/mvc=org.springframework.web.servlet.config.MvcNamespaceHandler, http://www.springframework.org/schema/util=org.springframework.beans.factory.xml.UtilNamespaceHandler, http://www.springframework.org/schema/jee=org.springframework.ejb.config.JeeNamespaceHandler, http://www.springframework.org/schema/aop=org.springframework.aop.config.AopNamespaceHandler, http://www.springframework.org/schema/oxm=org.springframework.oxm.config.OxmNamespaceHandler, http://www.springframework.org/schema/jdbc=org.springframework.jdbc.config.JdbcNamespaceHandler, http://www.springframework.org/schema/cache=org.springframework.cache.config.CacheNamespaceHandler, http://www.springframework.org/schema/c=org.springframework.beans.factory.xml.SimpleConstructorNamespaceHandler, http://www.springframework.org/schema/tx=org.springframework.transaction.config.TxNamespaceHandler, http://www.springframework.org/schema/task=org.springframework.scheduling.config.TaskNamespaceHandler, http://www.springframework.org/schema/lang=org.springframework.scripting.config.LangNamespaceHandler, http://www.springframework.org/schema/context=org.springframework.context.config.ContextNamespaceHandler}
29-Dec-2016 17:51 [DEBUG]: Imported 5 bean definitions from relative location [TransactionConfiguration.xml]
29-Dec-2016 17:51 [INFO ]: Loading XML bean definitions from URL [zip:C:/Oracle/Middleware/user_projects/domains/My_First_Domain/servers/AdminServer/tmp/_WL_user/_appsdir_basecourse_war/1v3pty/war/WEB-INF/lib/_wl_cls_gen.jar!/SpringConfig/DomainExceptionsBeans.xml]
29-Dec-2016 17:51 [ERROR]: Context initialization failed
org.springframework.beans.factory.parsing.BeanDefinitionParsingException: Configuration problem: Failed to import bean definitions from relative location [DomainExceptionsBeans.xml]
Offending resource: class path resource [SpringConfig/SpringWSConfiguration.xml]; nested exception is org.springframework.beans.factory.BeanDefinitionStoreException: IOException parsing XML document from URL [zip:C:/Oracle/Middleware/user_projects/domains/My_First_Domain/servers/AdminServer/tmp/_WL_user/_appsdir_basecourse_war/1v3pty/war/WEB-INF/lib/_wl_cls_gen.jar!/SpringConfig/DomainExceptionsBeans.xml]; nested exception is java.io.FileNotFoundException: zip:C:/Oracle/Middleware/user_projects/domains/My_First_Domain/servers/AdminServer/tmp/_WL_user/_appsdir_basecourse_war/1v3pty/war/WEB-INF/lib/_wl_cls_gen.jar!/SpringConfig/DomainExceptionsBeans.xml
	at org.springframework.beans.factory.parsing.FailFastProblemReporter.error(FailFastProblemReporter.java:70)
	at org.springframework.beans.factory.parsing.ReaderContext.error(ReaderContext.java:85)
	at org.springframework.beans.factory.parsing.ReaderContext.error(ReaderContext.java:76)
	at org.springframework.beans.factory.xml.DefaultBeanDefinitionDocumentReader.importBeanDefinitionResource(DefaultBeanDefinitionDocumentReader.java:266)
	at org.springframework.beans.factory.xml.DefaultBeanDefinitionDocumentReader.parseDefaultElement(DefaultBeanDefinitionDocumentReader.java:191)
	at org.springframework.beans.factory.xml.DefaultBeanDefinitionDocumentReader.parseBeanDefinitions(DefaultBeanDefinitionDocumentReader.java:176)
	at org.springframework.beans.factory.xml.DefaultBeanDefinitionDocumentReader.doRegisterBeanDefinitions(DefaultBeanDefinitionDocumentReader.java:149)
	at org.springframework.beans.factory.xml.DefaultBeanDefinitionDocumentReader.registerBeanDefinitions(DefaultBeanDefinitionDocumentReader.java:103)
	at org.springframework.beans.factory.xml.XmlBeanDefinitionReader.registerBeanDefinitions(XmlBeanDefinitionReader.java:510)
	at org.springframework.beans.factory.xml.XmlBeanDefinitionReader.doLoadBeanDefinitions(XmlBeanDefinitionReader.java:392)
	at org.springframework.beans.factory.xml.XmlBeanDefinitionReader.loadBeanDefinitions(XmlBeanDefinitionReader.java:336)
	at org.springframework.beans.factory.xml.XmlBeanDefinitionReader.loadBeanDefinitions(XmlBeanDefinitionReader.java:304)
	at org.springframework.beans.factory.support.AbstractBeanDefinitionReader.loadBeanDefinitions(AbstractBeanDefinitionReader.java:180)
	at org.springframework.beans.factory.support.AbstractBeanDefinitionReader.loadBeanDefinitions(AbstractBeanDefinitionReader.java:216)
	at org.springframework.beans.factory.support.AbstractBeanDefinitionReader.loadBeanDefinitions(AbstractBeanDefinitionReader.java:187)
	at org.springframework.web.context.support.XmlWebApplicationContext.loadBeanDefinitions(XmlWebApplicationContext.java:125)
	at org.springframework.web.context.support.XmlWebApplicationContext.loadBeanDefinitions(XmlWebApplicationContext.java:94)
	at org.springframework.context.support.AbstractRefreshableApplicationContext.refreshBeanFactory(AbstractRefreshableApplicationContext.java:129)
	at org.springframework.context.support.AbstractApplicationContext.obtainFreshBeanFactory(AbstractApplicationContext.java:542)
	at org.springframework.context.support.AbstractApplicationContext.refresh(AbstractApplicationContext.java:454)
	at org.springframework.web.servlet.FrameworkServlet.configureAndRefreshWebApplicationContext(FrameworkServlet.java:658)
	at org.springframework.web.servlet.FrameworkServlet.createWebApplicationContext(FrameworkServlet.java:624)
	at org.springframework.web.servlet.FrameworkServlet.createWebApplicationContext(FrameworkServlet.java:672)
	at org.springframework.web.servlet.FrameworkServlet.initWebApplicationContext(FrameworkServlet.java:543)
	at org.springframework.web.servlet.FrameworkServlet.initServletBean(FrameworkServlet.java:484)
	at org.springframework.web.servlet.HttpServletBean.init(HttpServletBean.java:136)
	at javax.servlet.GenericServlet.init(GenericServlet.java:241)
	at weblogic.servlet.internal.StubSecurityHelper$ServletInitAction.run(StubSecurityHelper.java:283)
	at weblogic.security.acl.internal.AuthenticatedSubject.doAs(AuthenticatedSubject.java:321)
	at weblogic.security.service.SecurityManager.runAs(SecurityManager.java:120)
	at weblogic.servlet.internal.StubSecurityHelper.createServlet(StubSecurityHelper.java:64)
	at weblogic.servlet.internal.StubLifecycleHelper.createOneInstance(StubLifecycleHelper.java:58)
	at weblogic.servlet.internal.StubLifecycleHelper.<init>(StubLifecycleHelper.java:48)
	at weblogic.servlet.internal.ServletStubImpl.prepareServlet(ServletStubImpl.java:539)
	at weblogic.servlet.internal.ServletStubImpl.execute(ServletStubImpl.java:243)
	at weblogic.servlet.internal.ServletStubImpl.execute(ServletStubImpl.java:183)
	at weblogic.servlet.internal.WebAppServletContext$ServletInvocationAction.wrapRun(WebAppServletContext.java:3717)
	at weblogic.servlet.internal.WebAppServletContext$ServletInvocationAction.run(WebAppServletContext.java:3681)
	at weblogic.security.acl.internal.AuthenticatedSubject.doAs(AuthenticatedSubject.java:321)
	at weblogic.security.service.SecurityManager.runAs(SecurityManager.java:120)
	at weblogic.servlet.internal.WebAppServletContext.securedExecute(WebAppServletContext.java:2277)
	at weblogic.servlet.internal.WebAppServletContext.execute(WebAppServletContext.java:2183)
	at weblogic.servlet.internal.ServletRequestImpl.run(ServletRequestImpl.java:1454)
	at weblogic.work.ExecuteThread.execute(ExecuteThread.java:209)
	at weblogic.work.ExecuteThread.run(ExecuteThread.java:178)
Caused by: org.springframework.beans.factory.BeanDefinitionStoreException: IOException parsing XML document from URL [zip:C:/Oracle/Middleware/user_projects/domains/My_First_Domain/servers/AdminServer/tmp/_WL_user/_appsdir_basecourse_war/1v3pty/war/WEB-INF/lib/_wl_cls_gen.jar!/SpringConfig/DomainExceptionsBeans.xml]; nested exception is java.io.FileNotFoundException: zip:C:/Oracle/Middleware/user_projects/domains/My_First_Domain/servers/AdminServer/tmp/_WL_user/_appsdir_basecourse_war/1v3pty/war/WEB-INF/lib/_wl_cls_gen.jar!/SpringConfig/DomainExceptionsBeans.xml
	at org.springframework.beans.factory.xml.XmlBeanDefinitionReader.loadBeanDefinitions(XmlBeanDefinitionReader.java:344)
	at org.springframework.beans.factory.xml.XmlBeanDefinitionReader.loadBeanDefinitions(XmlBeanDefinitionReader.java:304)
	at org.springframework.beans.factory.support.AbstractBeanDefinitionReader.loadBeanDefinitions(AbstractBeanDefinitionReader.java:180)
	at org.springframework.beans.factory.support.AbstractBeanDefinitionReader.loadBeanDefinitions(AbstractBeanDefinitionReader.java:216)
	at org.springframework.beans.factory.xml.DefaultBeanDefinitionDocumentReader.importBeanDefinitionResource(DefaultBeanDefinitionDocumentReader.java:255)
	... 41 more
Caused by: java.io.FileNotFoundException: zip:C:/Oracle/Middleware/user_projects/domains/My_First_Domain/servers/AdminServer/tmp/_WL_user/_appsdir_basecourse_war/1v3pty/war/WEB-INF/lib/_wl_cls_gen.jar!/SpringConfig/DomainExceptionsBeans.xml
	at weblogic.utils.zip.ZipURLConnection.connect(Handler.java:91)
	at weblogic.utils.zip.ZipURLConnection.getInputStream(Handler.java:59)
	at org.springframework.core.io.UrlResource.getInputStream(UrlResource.java:168)
	at org.springframework.beans.factory.xml.XmlBeanDefinitionReader.loadBeanDefinitions(XmlBeanDefinitionReader.java:330)
	... 45 more
